[gli-2012.netlify.app/index.html]
[backblue.gif]
[fade.gif]
[index.html]
[gli-2012.netlify.app/static/favicon.png]
[gli-2012.netlify.app/static/mdl/material.blue_grey-blue.min.css]
[gli-2012.netlify.app/static/css/app.37a6df8c446c0a185ca23ec1dc0bac72.css]
[gli-2012.netlify.app/static/dialog-polyfill/dialog-polyfill.js]
[gli-2012.netlify.app/static/mdl/material.min.js]
[gli-2012.netlify.app/static/js/manifest.089203922ce310527dbd.js]
[gli-2012.netlify.app/static/js/vendor.93c7e3bb33b9b6296747.js]
[gli-2012.netlify.app/index.html]
[gli-2012.netlify.app/static/mdl/material.blue_grey-blue.min.css]
[gli-2012.netlify.app/static/js/app.3694339f4bbc23361a05.js]
[gli-2012.netlify.app/static/material-design-icons/iconfont/MaterialIcons-Regular.eot]
[gli-2012.netlify.app/static/material-design-icons/iconfont/MaterialIcons-Regular.woff2]
[gli-2012.netlify.app/static/material-design-icons/iconfont/MaterialIcons-Regular.woff]
[gli-2012.netlify.app/static/material-design-icons/iconfont/MaterialIcons-Regular.ttf]
[gli-2012.netlify.app/static/material-design-icons/iconfont/material-icons.css]
[gli-2012.netlify.app/static/dialog-polyfill/dialog-polyfill.css]
[gli-2012.netlify.app/static/css/app.37a6df8c446c0a185ca23ec1dc0bac72.css]
